=== 2026-04-24 09:25:01 ===
============================================================
Cloudflare Tunnel 监控 & B 站自动发布
============================================================
检查时间: 2026-04-24 09:25:01

步骤 1: 测试当前网站状态
当前链接: https://highlight-authorization-thrown-installing.trycloudflare.com
状态: ✅ 正常

网站正常，无需操作
执行完成
=== 2026-04-24 09:30:01 ===
============================================================
Cloudflare Tunnel 监控 & B 站自动发布
============================================================
检查时间: 2026-04-24 09:30:01

步骤 1: 测试当前网站状态
当前链接: https://highlight-authorization-thrown-installing.trycloudflare.com
状态: ✅ 正常

网站正常，无需操作
执行完成
=== 2026-04-24 09:35:01 ===
============================================================
Cloudflare Tunnel 监控 & B 站自动发布
============================================================
检查时间: 2026-04-24 09:35:01

步骤 1: 测试当前网站状态
当前链接: https://highlight-authorization-thrown-installing.trycloudflare.com
状态: ✅ 正常

网站正常，无需操作
执行完成
=== 2026-04-24 09:40:01 ===
============================================================
Cloudflare Tunnel 监控 & B 站自动发布
============================================================
检查时间: 2026-04-24 09:40:01

步骤 1: 测试当前网站状态
当前链接: https://highlight-authorization-thrown-installing.trycloudflare.com
状态: ✅ 正常

网站正常，无需操作
执行完成
=== 2026-04-24 09:45:01 ===
============================================================
Cloudflare Tunnel 监控 & B 站自动发布
============================================================
检查时间: 2026-04-24 09:45:02

步骤 1: 测试当前网站状态
当前链接: https://highlight-authorization-thrown-installing.trycloudflare.com
状态: ✅ 正常

网站正常，无需操作
执行完成
=== 2026-04-24 09:50:01 ===
============================================================
Cloudflare Tunnel 监控 & B 站自动发布
============================================================
检查时间: 2026-04-24 09:50:02

步骤 1: 测试当前网站状态
当前链接: https://highlight-authorization-thrown-installing.trycloudflare.com
状态: ✅ 正常

网站正常，无需操作
执行完成
=== 2026-04-24 09:55:01 ===
============================================================
Cloudflare Tunnel 监控 & B 站自动发布
============================================================
检查时间: 2026-04-24 09:55:01

步骤 1: 测试当前网站状态
当前链接: https://highlight-authorization-thrown-installing.trycloudflare.com
状态: ✅ 正常

网站正常，无需操作
执行完成
=== 2026-04-24 10:00:01 ===
============================================================
Cloudflare Tunnel 监控 & B 站自动发布
============================================================
检查时间: 2026-04-24 10:00:01

步骤 1: 测试当前网站状态
当前链接: https://highlight-authorization-thrown-installing.trycloudflare.com
状态: ✅ 正常

网站正常，无需操作
执行完成
=== 2026-04-24 10:05:01 ===
============================================================
Cloudflare Tunnel 监控 & B 站自动发布
============================================================
检查时间: 2026-04-24 10:05:01

步骤 1: 测试当前网站状态
当前链接: https://highlight-authorization-thrown-installing.trycloudflare.com
状态: ✅ 正常

网站正常，无需操作
执行完成
=== 2026-04-24 10:10:01 ===
============================================================
Cloudflare Tunnel 监控 & B 站自动发布
============================================================
检查时间: 2026-04-24 10:10:01

步骤 1: 测试当前网站状态
当前链接: https://highlight-authorization-thrown-installing.trycloudflare.com
状态: ✅ 正常

网站正常，无需操作
执行完成
=== 2026-04-24 10:15:01 ===
============================================================
Cloudflare Tunnel 监控 & B 站自动发布
============================================================
检查时间: 2026-04-24 10:15:01

步骤 1: 测试当前网站状态
当前链接: https://highlight-authorization-thrown-installing.trycloudflare.com
状态: ✅ 正常

网站正常，无需操作
执行完成
=== 2026-04-24 10:20:01 ===
============================================================
Cloudflare Tunnel 监控 & B 站自动发布
============================================================
检查时间: 2026-04-24 10:20:01

步骤 1: 测试当前网站状态
当前链接: https://highlight-authorization-thrown-installing.trycloudflare.com
状态: ✅ 正常

网站正常，无需操作
执行完成
=== 2026-04-24 10:25:01 ===
============================================================
Cloudflare Tunnel 监控 & B 站自动发布
============================================================
检查时间: 2026-04-24 10:25:01

步骤 1: 测试当前网站状态
当前链接: https://highlight-authorization-thrown-installing.trycloudflare.com
状态: ✅ 正常

网站正常，无需操作
执行完成
=== 2026-04-24 10:30:01 ===
============================================================
Cloudflare Tunnel 监控 & B 站自动发布
============================================================
检查时间: 2026-04-24 10:30:01

步骤 1: 测试当前网站状态
当前链接: https://highlight-authorization-thrown-installing.trycloudflare.com
状态: ✅ 正常

网站正常，无需操作
执行完成
=== 2026-04-24 10:35:01 ===
============================================================
Cloudflare Tunnel 监控 & B 站自动发布
============================================================
检查时间: 2026-04-24 10:35:01

步骤 1: 测试当前网站状态
当前链接: https://highlight-authorization-thrown-installing.trycloudflare.com
状态: ✅ 正常

网站正常，无需操作
执行完成
=== 2026-04-24 10:40:01 ===
============================================================
Cloudflare Tunnel 监控 & B 站自动发布
============================================================
检查时间: 2026-04-24 10:40:01

步骤 1: 测试当前网站状态
当前链接: https://highlight-authorization-thrown-installing.trycloudflare.com
状态: ✅ 正常

网站正常，无需操作
执行完成
=== 2026-04-24 10:45:01 ===
============================================================
Cloudflare Tunnel 监控 & B 站自动发布
============================================================
检查时间: 2026-04-24 10:45:01

步骤 1: 测试当前网站状态
当前链接: https://highlight-authorization-thrown-installing.trycloudflare.com
状态: ✅ 正常

网站正常，无需操作
执行完成
=== 2026-04-24 10:50:01 ===
============================================================
Cloudflare Tunnel 监控 & B 站自动发布
============================================================
检查时间: 2026-04-24 10:50:01

步骤 1: 测试当前网站状态
当前链接: https://highlight-authorization-thrown-installing.trycloudflare.com
状态: ✅ 正常

网站正常，无需操作
执行完成
=== 2026-04-24 10:55:01 ===
============================================================
Cloudflare Tunnel 监控 & B 站自动发布
============================================================
检查时间: 2026-04-24 10:55:01

步骤 1: 测试当前网站状态
当前链接: https://highlight-authorization-thrown-installing.trycloudflare.com
状态: ✅ 正常

网站正常，无需操作
执行完成
=== 2026-04-24 11:00:01 ===
============================================================
Cloudflare Tunnel 监控 & B 站自动发布
============================================================
检查时间: 2026-04-24 11:00:01

步骤 1: 测试当前网站状态
当前链接: https://highlight-authorization-thrown-installing.trycloudflare.com
状态: ✅ 正常

网站正常，无需操作
执行完成
=== 2026-04-24 11:05:01 ===
============================================================
Cloudflare Tunnel 监控 & B 站自动发布
============================================================
检查时间: 2026-04-24 11:05:01

步骤 1: 测试当前网站状态
当前链接: https://highlight-authorization-thrown-installing.trycloudflare.com
状态: ✅ 正常

网站正常，无需操作
执行完成
=== 2026-04-24 11:10:01 ===
============================================================
Cloudflare Tunnel 监控 & B 站自动发布
============================================================
检查时间: 2026-04-24 11:10:01

步骤 1: 测试当前网站状态
当前链接: https://highlight-authorization-thrown-installing.trycloudflare.com
状态: ✅ 正常

网站正常，无需操作
执行完成
=== 2026-04-24 11:15:01 ===
============================================================
Cloudflare Tunnel 监控 & B 站自动发布
============================================================
检查时间: 2026-04-24 11:15:01

步骤 1: 测试当前网站状态
当前链接: https://highlight-authorization-thrown-installing.trycloudflare.com
状态: ✅ 正常

网站正常，无需操作
执行完成
=== 2026-04-24 11:20:01 ===
============================================================
Cloudflare Tunnel 监控 & B 站自动发布
============================================================
检查时间: 2026-04-24 11:20:01

步骤 1: 测试当前网站状态
当前链接: https://highlight-authorization-thrown-installing.trycloudflare.com
状态: ✅ 正常

网站正常，无需操作
执行完成
=== 2026-04-24 11:25:01 ===
============================================================
Cloudflare Tunnel 监控 & B 站自动发布
============================================================
检查时间: 2026-04-24 11:25:01

步骤 1: 测试当前网站状态
当前链接: https://highlight-authorization-thrown-installing.trycloudflare.com
状态: ✅ 正常

网站正常，无需操作
执行完成
=== 2026-04-24 11:30:01 ===
============================================================
Cloudflare Tunnel 监控 & B 站自动发布
============================================================
检查时间: 2026-04-24 11:30:01

步骤 1: 测试当前网站状态
当前链接: https://highlight-authorization-thrown-installing.trycloudflare.com
状态: ✅ 正常

网站正常，无需操作
执行完成
=== 2026-04-24 11:35:01 ===
============================================================
Cloudflare Tunnel 监控 & B 站自动发布
============================================================
检查时间: 2026-04-24 11:35:01

步骤 1: 测试当前网站状态
当前链接: https://highlight-authorization-thrown-installing.trycloudflare.com
状态: ✅ 正常

网站正常，无需操作
执行完成
=== 2026-04-24 11:40:01 ===
============================================================
Cloudflare Tunnel 监控 & B 站自动发布
============================================================
检查时间: 2026-04-24 11:40:01

步骤 1: 测试当前网站状态
当前链接: https://highlight-authorization-thrown-installing.trycloudflare.com
状态: ✅ 正常

网站正常，无需操作
执行完成
=== 2026-04-24 11:45:01 ===
============================================================
Cloudflare Tunnel 监控 & B 站自动发布
============================================================
检查时间: 2026-04-24 11:45:01

步骤 1: 测试当前网站状态
当前链接: https://highlight-authorization-thrown-installing.trycloudflare.com
状态: ✅ 正常

网站正常，无需操作
执行完成
=== 2026-04-24 11:50:01 ===
============================================================
Cloudflare Tunnel 监控 & B 站自动发布
============================================================
检查时间: 2026-04-24 11:50:01

步骤 1: 测试当前网站状态
当前链接: https://highlight-authorization-thrown-installing.trycloudflare.com
状态: ✅ 正常

网站正常，无需操作
执行完成
=== 2026-04-27 22:28:30 ===
============================================================
Cloudflare Tunnel 监控 & B 站自动发布
============================================================
检查时间: 2026-04-27 22:28:30

步骤 1: 测试当前网站状态
当前链接: https://warrant-independence-bacon-attempt.trycloudflare.com
状态: ✅ 正常

网站正常，无需操作
执行完成
