[2026-04-22 20:24:42] === 隧道监控循环启动 ===
[2026-04-22 20:24:42] 检查间隔: 300秒
[2026-04-22 20:24:42] === 开始隧道监控 ===
[2026-04-22 20:24:42] 当前URL: https://loud-impalas-drop.loca.lt
[2026-04-22 20:24:45] 网站正常，无需重连
[2026-04-22 20:25:50] === 隧道监控循环启动 ===
[2026-04-22 20:25:50] 检查间隔: 300秒
[2026-04-22 20:25:50] === 开始隧道监控 ===
[2026-04-22 20:25:50] 当前URL: https://loud-impalas-drop.loca.lt
[2026-04-22 20:25:55] 网站正常，无需重连
[2026-04-22 20:26:13] === 隧道监控循环启动 ===
[2026-04-22 20:26:13] 检查间隔: 300秒
[2026-04-22 20:26:13] === 开始隧道监控 ===
[2026-04-22 20:26:13] 当前URL: https://loud-impalas-drop.loca.lt
[2026-04-22 20:26:16] 网站正常，无需重连
[2026-04-22 20:26:53] === 隧道监控循环启动 ===
[2026-04-22 20:26:53] 检查间隔: 300秒
[2026-04-22 20:26:53] === 开始隧道监控 ===
[2026-04-22 20:26:53] 当前URL: https://loud-impalas-drop.loca.lt
[2026-04-22 20:26:55] 网站正常，无需重连
[2026-04-22 20:31:55] === 开始隧道监控 ===
[2026-04-22 20:31:55] 当前URL: https://loud-impalas-drop.loca.lt
[2026-04-22 20:32:02] 网站正常，无需重连
