[2026-04-22 20:35:01] 开始检查隧道: https://loud-impalas-drop.loca.lt
[2026-04-22 20:35:03] 隧道正常，HTTP状态码: 200
[2026-04-22 20:35:10] 开始检查隧道: https://loud-impalas-drop.loca.lt
[2026-04-22 20:35:22] 隧道正常，HTTP状态码: 200
[2026-04-22 20:40:01] 开始检查隧道: https://loud-impalas-drop.loca.lt
[2026-04-22 20:40:01] 开始检查隧道: https://loud-impalas-drop.loca.lt
[2026-04-22 20:40:08] 隧道断开，HTTP状态码: 503，开始恢复...
[2026-04-22 20:40:08] 隧道断开，HTTP状态码: 503，开始恢复...
[2026-04-22 20:40:25] 无法获取新链接，失败
[2026-04-22 20:40:25] 无法获取新链接，失败
[2026-04-22 20:45:01] 开始检查隧道: 
[2026-04-22 20:45:01] 开始检查隧道: 
[2026-04-22 20:45:01] 隧道断开，HTTP状态码: ，开始恢复...
[2026-04-22 20:45:01] 隧道断开，HTTP状态码: ，开始恢复...
[2026-04-22 20:45:18] 无法获取新链接，失败
[2026-04-22 20:45:18] 无法获取新链接，失败
[2026-04-22 20:46:09] 开始检查隧道: https://itchy-keys-cry.loca.lt
[2026-04-22 20:46:11] 隧道断开，HTTP状态码: 503，开始恢复...
[2026-04-22 20:46:23] 获得新链接: https://kind-tips-try.loca.lt
[2026-04-22 20:46:23] 准备发布B站动态...
usage: bilibili-cli.py [-h] {dynamic} ...
bilibili-cli.py: error: argument command: invalid choice: '- SESSDATA: $BILIBILI_SESSDATA' (choose from 'dynamic')
[2026-04-22 20:46:24] B站动态发布失败
[2026-04-22 20:46:24] 恢复完成，新链接: https://kind-tips-try.loca.lt
[2026-04-22 20:50:01] 开始检查隧道: https://kind-tips-try.loca.lt
[2026-04-22 20:50:01] 开始检查隧道: https://kind-tips-try.loca.lt
[2026-04-22 20:50:05] 隧道断开，HTTP状态码: 503，开始恢复...
[2026-04-22 20:50:12] 隧道断开，HTTP状态码: 503，开始恢复...
[2026-04-22 20:50:22] 无法获取新链接，失败
[2026-04-22 20:50:29] 无法获取新链接，失败
[2026-04-22 20:55:01] 开始检查隧道: https://kind-tips-try.loca.lt
[2026-04-22 20:55:01] 开始检查隧道: https://kind-tips-try.loca.lt
[2026-04-22 20:55:04] 隧道断开，HTTP状态码: 503，开始恢复...
[2026-04-22 20:55:11] 隧道断开，HTTP状态码: 503，开始恢复...
[2026-04-22 20:55:21] 无法获取新链接，失败
[2026-04-22 20:55:28] 无法获取新链接，失败
[2026-04-22 21:00:01] 开始检查隧道: https://kind-tips-try.loca.lt
[2026-04-22 21:00:01] 开始检查隧道: https://kind-tips-try.loca.lt
[2026-04-22 21:00:02] 隧道断开，HTTP状态码: 503，开始恢复...
[2026-04-22 21:00:03] 隧道断开，HTTP状态码: 503，开始恢复...
[2026-04-22 21:00:19] 无法获取新链接，失败
[2026-04-22 21:00:20] 无法获取新链接，失败
[2026-04-22 21:05:01] 开始检查隧道: https://tough-sides-listen.loca.lt
[2026-04-22 21:05:01] 开始检查隧道: https://tough-sides-listen.loca.lt
[2026-04-22 21:05:03] 隧道断开，HTTP状态码: 503，开始恢复...
[2026-04-22 21:05:04] 隧道断开，HTTP状态码: 503，开始恢复...
[2026-04-22 21:05:20] 无法获取新链接，失败
[2026-04-22 21:05:21] 无法获取新链接，失败
[2026-04-22 21:10:01] 开始检查隧道: https://tough-sides-listen.loca.lt
[2026-04-22 21:10:01] 开始检查隧道: https://tough-sides-listen.loca.lt
[2026-04-22 21:10:03] 隧道断开，HTTP状态码: 503，开始恢复...
[2026-04-22 21:10:03] 隧道断开，HTTP状态码: 503，开始恢复...
[2026-04-22 21:10:20] 无法获取新链接，失败
[2026-04-22 21:10:20] 无法获取新链接，失败
[2026-04-22 21:15:01] 开始检查隧道: https://tough-sides-listen.loca.lt
[2026-04-22 21:15:01] 开始检查隧道: https://tough-sides-listen.loca.lt
[2026-04-22 21:15:06] 隧道断开，HTTP状态码: 503，开始恢复...
[2026-04-22 21:15:15] 隧道断开，HTTP状态码: 503，开始恢复...
[2026-04-22 21:15:23] 无法获取新链接，失败
[2026-04-22 21:15:32] 无法获取新链接，失败
[2026-04-22 21:20:01] 开始检查隧道: https://tough-sides-listen.loca.lt
[2026-04-22 21:20:01] 开始检查隧道: https://tough-sides-listen.loca.lt
[2026-04-22 21:20:02] 隧道断开，HTTP状态码: 503，开始恢复...
[2026-04-22 21:20:04] 隧道断开，HTTP状态码: 503，开始恢复...
[2026-04-22 21:20:19] 无法获取新链接，失败
[2026-04-22 21:20:22] 无法获取新链接，失败
[2026-04-22 21:25:01] 开始检查隧道: https://tough-sides-listen.loca.lt
[2026-04-22 21:25:01] 开始检查隧道: https://tough-sides-listen.loca.lt
[2026-04-22 21:25:07] 隧道断开，HTTP状态码: 503，开始恢复...
[2026-04-22 21:25:07] 隧道断开，HTTP状态码: 503，开始恢复...
[2026-04-22 21:25:24] 无法获取新链接，失败
[2026-04-22 21:25:24] 无法获取新链接，失败
[2026-04-22 21:30:01] 开始检查隧道: https://tough-sides-listen.loca.lt
[2026-04-22 21:30:01] 开始检查隧道: https://tough-sides-listen.loca.lt
[2026-04-22 21:30:02] 隧道断开，HTTP状态码: 503，开始恢复...
[2026-04-22 21:30:09] 隧道断开，HTTP状态码: 503，开始恢复...
[2026-04-22 21:30:19] 无法获取新链接，失败
[2026-04-22 21:30:26] 无法获取新链接，失败
[2026-04-22 21:35:01] 开始检查隧道: https://tough-sides-listen.loca.lt
[2026-04-22 21:35:01] 开始检查隧道: https://tough-sides-listen.loca.lt
[2026-04-22 21:35:05] 隧道断开，HTTP状态码: 503，开始恢复...
[2026-04-22 21:35:08] 隧道断开，HTTP状态码: 503，开始恢复...
[2026-04-22 21:35:22] 无法获取新链接，失败
[2026-04-22 21:35:25] 无法获取新链接，失败
[2026-04-22 21:40:01] 开始检查隧道: https://tough-sides-listen.loca.lt
[2026-04-22 21:40:01] 开始检查隧道: https://tough-sides-listen.loca.lt
[2026-04-22 21:40:04] 隧道断开，HTTP状态码: 503，开始恢复...
[2026-04-22 21:40:06] 隧道断开，HTTP状态码: 503，开始恢复...
[2026-04-22 21:40:21] 无法获取新链接，失败
[2026-04-22 21:40:23] 无法获取新链接，失败
[2026-04-22 21:45:01] 开始检查隧道: https://tough-sides-listen.loca.lt
[2026-04-22 21:45:01] 开始检查隧道: https://tough-sides-listen.loca.lt
[2026-04-22 21:45:05] 隧道断开，HTTP状态码: 503，开始恢复...
[2026-04-22 21:45:06] 隧道断开，HTTP状态码: 503，开始恢复...
[2026-04-22 21:45:22] 无法获取新链接，失败
[2026-04-22 21:45:23] 无法获取新链接，失败
[2026-04-22 21:50:01] 开始检查隧道: https://tough-sides-listen.loca.lt
[2026-04-22 21:50:01] 开始检查隧道: https://tough-sides-listen.loca.lt
[2026-04-22 21:50:04] 隧道断开，HTTP状态码: 503，开始恢复...
[2026-04-22 21:50:05] 隧道断开，HTTP状态码: 503，开始恢复...
[2026-04-22 21:50:21] 无法获取新链接，失败
[2026-04-22 21:50:22] 无法获取新链接，失败
[2026-04-22 21:55:01] 开始检查隧道: https://tough-sides-listen.loca.lt
[2026-04-22 21:55:01] 开始检查隧道: https://tough-sides-listen.loca.lt
[2026-04-22 21:55:03] 隧道断开，HTTP状态码: 503，开始恢复...
[2026-04-22 21:55:04] 隧道断开，HTTP状态码: 503，开始恢复...
[2026-04-22 21:55:21] 无法获取新链接，失败
[2026-04-22 21:55:21] 无法获取新链接，失败
[2026-04-22 22:00:01] 开始检查隧道: https://tough-sides-listen.loca.lt
[2026-04-22 22:00:01] 开始检查隧道: https://tough-sides-listen.loca.lt
[2026-04-22 22:00:02] 隧道断开，HTTP状态码: 503，开始恢复...
[2026-04-22 22:00:04] 隧道断开，HTTP状态码: 503，开始恢复...
[2026-04-22 22:00:19] 无法获取新链接，失败
[2026-04-22 22:00:21] 无法获取新链接，失败
[2026-04-22 22:05:01] 开始检查隧道: https://tough-sides-listen.loca.lt
[2026-04-22 22:05:01] 开始检查隧道: https://tough-sides-listen.loca.lt
[2026-04-22 22:05:02] 隧道断开，HTTP状态码: 503，开始恢复...
[2026-04-22 22:05:03] 隧道断开，HTTP状态码: 503，开始恢复...
[2026-04-22 22:05:19] 无法获取新链接，失败
[2026-04-22 22:05:20] 无法获取新链接，失败
[2026-04-22 22:10:01] 开始检查隧道: https://tough-sides-listen.loca.lt
[2026-04-22 22:10:01] 开始检查隧道: https://tough-sides-listen.loca.lt
[2026-04-22 22:10:03] 隧道断开，HTTP状态码: 503，开始恢复...
[2026-04-22 22:10:10] 隧道断开，HTTP状态码: 503，开始恢复...
[2026-04-22 22:10:20] 无法获取新链接，失败
[2026-04-22 22:10:27] 无法获取新链接，失败
[2026-04-22 22:15:01] 开始检查隧道: https://tough-sides-listen.loca.lt
[2026-04-22 22:15:01] 开始检查隧道: https://tough-sides-listen.loca.lt
[2026-04-22 22:15:04] 隧道断开，HTTP状态码: 503，开始恢复...
[2026-04-22 22:15:14] 隧道断开，HTTP状态码: 503，开始恢复...
[2026-04-22 22:15:21] 无法获取新链接，失败
[2026-04-22 22:15:31] 无法获取新链接，失败
[2026-04-22 22:20:01] 开始检查隧道: 
[2026-04-22 22:20:01] 开始检查隧道: 
[2026-04-22 22:20:01] 隧道断开，HTTP状态码: ，开始恢复...
[2026-04-22 22:20:01] 隧道断开，HTTP状态码: ，开始恢复...
[2026-04-22 22:20:18] 无法获取新链接，失败
[2026-04-22 22:20:18] 无法获取新链接，失败
[2026-04-22 22:25:01] 开始检查隧道: 
[2026-04-22 22:25:01] 开始检查隧道: 
[2026-04-22 22:25:01] 隧道断开，HTTP状态码: ，开始恢复...
[2026-04-22 22:25:01] 隧道断开，HTTP状态码: ，开始恢复...
[2026-04-22 22:25:18] 无法获取新链接，失败
[2026-04-22 22:25:18] 无法获取新链接，失败
[2026-04-22 22:30:01] 开始检查隧道: 
[2026-04-22 22:30:01] 开始检查隧道: 
[2026-04-22 22:30:01] 隧道断开，HTTP状态码: ，开始恢复...
[2026-04-22 22:30:01] 隧道断开，HTTP状态码: ，开始恢复...
[2026-04-22 22:30:18] 无法获取新链接，失败
[2026-04-22 22:30:18] 无法获取新链接，失败
[2026-04-22 22:35:01] 开始检查隧道: 
[2026-04-22 22:35:01] 开始检查隧道: 
[2026-04-22 22:35:01] 隧道断开，HTTP状态码: ，开始恢复...
[2026-04-22 22:35:01] 隧道断开，HTTP状态码: ，开始恢复...
[2026-04-22 22:35:18] 无法获取新链接，失败
[2026-04-22 22:35:18] 无法获取新链接，失败
[2026-04-22 22:40:01] 开始检查隧道: 
[2026-04-22 22:40:01] 开始检查隧道: 
[2026-04-22 22:40:01] 隧道断开，HTTP状态码: ，开始恢复...
[2026-04-22 22:40:01] 隧道断开，HTTP状态码: ，开始恢复...
[2026-04-22 22:40:18] 无法获取新链接，失败
[2026-04-22 22:40:18] 无法获取新链接，失败
[2026-04-22 22:45:01] 开始检查隧道: 
[2026-04-22 22:45:01] 开始检查隧道: 
[2026-04-22 22:45:01] 隧道断开，HTTP状态码: ，开始恢复...
[2026-04-22 22:45:01] 隧道断开，HTTP状态码: ，开始恢复...
[2026-04-22 22:45:18] 无法获取新链接，失败
[2026-04-22 22:45:18] 无法获取新链接，失败
[2026-04-23 00:35:30] 开始检查隧道状态...
[2026-04-23 00:35:33] 隧道正常，URL可访问: https://white-assumptions-within-africa.trycloudflare.com
[2026-04-23 00:40:01] 开始检查隧道状态...
[2026-04-23 00:40:03] 隧道正常，URL可访问: https://white-assumptions-within-africa.trycloudflare.com
[2026-04-23 00:45:01] 开始检查隧道状态...
[2026-04-23 00:45:03] 隧道正常，URL可访问: https://white-assumptions-within-africa.trycloudflare.com
[2026-04-23 00:50:01] 开始检查隧道状态...
[2026-04-23 00:50:03] 隧道正常，URL可访问: https://white-assumptions-within-africa.trycloudflare.com
[2026-04-23 00:55:01] 开始检查隧道状态...
[2026-04-23 00:55:03] 隧道正常，URL可访问: https://white-assumptions-within-africa.trycloudflare.com
[2026-04-23 01:00:01] 开始检查隧道状态...
[2026-04-23 01:00:03] 隧道正常，URL可访问: https://white-assumptions-within-africa.trycloudflare.com
[2026-04-23 05:17:02] 开始检查隧道状态: https://became-determines-britain-competitive.trycloudflare.com
[2026-04-23 05:17:03] ✅ 网站正常访问 (HTTP 200)
[2026-04-23 05:20:01] 开始检查隧道状态: https://became-determines-britain-competitive.trycloudflare.com
[2026-04-23 05:20:03] ✅ 网站正常访问 (HTTP 200)
[2026-04-23 05:25:01] 开始检查隧道状态: https://became-determines-britain-competitive.trycloudflare.com
[2026-04-23 05:25:02] ✅ 网站正常访问 (HTTP 200)
[2026-04-23 05:30:01] 开始检查隧道状态: https://became-determines-britain-competitive.trycloudflare.com
[2026-04-23 05:30:02] ✅ 网站正常访问 (HTTP 200)
[2026-04-23 05:35:01] 开始检查隧道状态: https://became-determines-britain-competitive.trycloudflare.com
[2026-04-23 05:35:03] ✅ 网站正常访问 (HTTP 200)
[2026-04-23 05:40:01] 开始检查隧道状态: https://became-determines-britain-competitive.trycloudflare.com
[2026-04-23 05:40:02] ✅ 网站正常访问 (HTTP 200)
[2026-04-23 05:45:01] 开始检查隧道状态: https://became-determines-britain-competitive.trycloudflare.com
[2026-04-23 05:45:02] ✅ 网站正常访问 (HTTP 200)
[2026-04-23 05:50:01] 开始检查隧道状态: https://became-determines-britain-competitive.trycloudflare.com
[2026-04-23 05:50:03] ✅ 网站正常访问 (HTTP 200)
[2026-04-23 05:55:01] 开始检查隧道状态: https://became-determines-britain-competitive.trycloudflare.com
[2026-04-23 05:55:02] ✅ 网站正常访问 (HTTP 200)
[2026-04-23 06:00:01] 开始检查隧道状态: https://became-determines-britain-competitive.trycloudflare.com
[2026-04-23 06:00:02] ✅ 网站正常访问 (HTTP 200)
[2026-04-23 06:05:01] 开始检查隧道状态: https://became-determines-britain-competitive.trycloudflare.com
[2026-04-23 06:05:03] ✅ 网站正常访问 (HTTP 200)
[2026-04-23 06:10:01] 开始检查隧道状态: https://became-determines-britain-competitive.trycloudflare.com
[2026-04-23 06:10:02] ✅ 网站正常访问 (HTTP 200)
[2026-04-23 06:15:01] 开始检查隧道状态: https://became-determines-britain-competitive.trycloudflare.com
[2026-04-23 06:15:02] ✅ 网站正常访问 (HTTP 200)
[2026-04-23 06:20:01] 开始检查隧道状态: https://became-determines-britain-competitive.trycloudflare.com
[2026-04-23 06:20:02] ✅ 网站正常访问 (HTTP 200)
[2026-04-23 06:25:01] 开始检查隧道状态: https://became-determines-britain-competitive.trycloudflare.com
[2026-04-23 06:25:03] ✅ 网站正常访问 (HTTP 200)
[2026-04-23 06:30:01] 开始检查隧道状态: https://became-determines-britain-competitive.trycloudflare.com
[2026-04-23 06:30:02] ✅ 网站正常访问 (HTTP 200)
[2026-04-23 06:35:01] 开始检查隧道状态: https://became-determines-britain-competitive.trycloudflare.com
[2026-04-23 06:35:03] ✅ 网站正常访问 (HTTP 200)
[2026-04-23 06:40:01] 开始检查隧道状态: https://became-determines-britain-competitive.trycloudflare.com
[2026-04-23 06:40:02] ✅ 网站正常访问 (HTTP 200)
[2026-04-23 06:45:01] 开始检查隧道状态: https://became-determines-britain-competitive.trycloudflare.com
[2026-04-23 06:45:02] ✅ 网站正常访问 (HTTP 200)
